0 info it worked if it ends with ok
1 verbose cli [ '/home/ec2-user/.nvm/versions/node/v10.24.1/bin/node',
1 verbose cli   '/home/ec2-user/.nvm/versions/node/v10.24.1/bin/npm',
1 verbose cli   'audit',
1 verbose cli   'fix' ]
2 info using npm@6.14.12
3 info using node@v10.24.1
4 verbose config Skipping project config: /home/ec2-user/.npmrc. (matches userconfig)
5 verbose npm-session 7612b20b3525bc0b
6 verbose stack Error: No package.json found: Cannot audit a project without a package.json
6 verbose stack     at Bluebird.all.spread (/home/ec2-user/.nvm/versions/node/v10.24.1/lib/node_modules/npm/lib/audit.js:164:19)
6 verbose stack     at tryCatcher (/home/ec2-user/.nvm/versions/node/v10.24.1/lib/node_modules/npm/node_modules/bluebird/js/release/util.js:16:23)
6 verbose stack     at Promise._settlePromiseFromHandler (/home/ec2-user/.nvm/versions/node/v10.24.1/lib/node_modules/npm/node_modules/bluebird/js/release/promise.js:514:35)
6 verbose stack     at Promise._settlePromise (/home/ec2-user/.nvm/versions/node/v10.24.1/lib/node_modules/npm/node_modules/bluebird/js/release/promise.js:574:18)
6 verbose stack     at Promise._settlePromise0 (/home/ec2-user/.nvm/versions/node/v10.24.1/lib/node_modules/npm/node_modules/bluebird/js/release/promise.js:619:10)
6 verbose stack     at Promise._settlePromises (/home/ec2-user/.nvm/versions/node/v10.24.1/lib/node_modules/npm/node_modules/bluebird/js/release/promise.js:699:18)
6 verbose stack     at Promise._fulfill (/home/ec2-user/.nvm/versions/node/v10.24.1/lib/node_modules/npm/node_modules/bluebird/js/release/promise.js:643:18)
6 verbose stack     at PromiseArray._resolve (/home/ec2-user/.nvm/versions/node/v10.24.1/lib/node_modules/npm/node_modules/bluebird/js/release/promise_array.js:126:19)
6 verbose stack     at PromiseArray._promiseFulfilled (/home/ec2-user/.nvm/versions/node/v10.24.1/lib/node_modules/npm/node_modules/bluebird/js/release/promise_array.js:144:14)
6 verbose stack     at PromiseArray._iterate (/home/ec2-user/.nvm/versions/node/v10.24.1/lib/node_modules/npm/node_modules/bluebird/js/release/promise_array.js:114:31)
6 verbose stack     at PromiseArray.init [as _init] (/home/ec2-user/.nvm/versions/node/v10.24.1/lib/node_modules/npm/node_modules/bluebird/js/release/promise_array.js:78:10)
6 verbose stack     at Promise._settlePromise (/home/ec2-user/.nvm/versions/node/v10.24.1/lib/node_modules/npm/node_modules/bluebird/js/release/promise.js:571:21)
6 verbose stack     at Promise._settlePromise0 (/home/ec2-user/.nvm/versions/node/v10.24.1/lib/node_modules/npm/node_modules/bluebird/js/release/promise.js:619:10)
6 verbose stack     at Promise._settlePromises (/home/ec2-user/.nvm/versions/node/v10.24.1/lib/node_modules/npm/node_modules/bluebird/js/release/promise.js:699:18)
6 verbose stack     at Promise._fulfill (/home/ec2-user/.nvm/versions/node/v10.24.1/lib/node_modules/npm/node_modules/bluebird/js/release/promise.js:643:18)
6 verbose stack     at PromiseArray._resolve (/home/ec2-user/.nvm/versions/node/v10.24.1/lib/node_modules/npm/node_modules/bluebird/js/release/promise_array.js:126:19)
7 verbose cwd /home/ec2-user
8 verbose Linux 6.1.163-186.299.amzn2023.x86_64
9 verbose argv "/home/ec2-user/.nvm/versions/node/v10.24.1/bin/node" "/home/ec2-user/.nvm/versions/node/v10.24.1/bin/npm" "audit" "fix"
10 verbose node v10.24.1
11 verbose npm  v6.14.12
12 error code EAUDITNOPJSON
13 error audit No package.json found: Cannot audit a project without a package.json
14 verbose exit [ 1, true ]
